D:\用户目录\我的文档\VISUAL STUDIO 2010\PROJECTS\窗口\DEBUG\窗口.EXE
D:\用户目录\我的文档\VISUAL STUDIO 2010\PROJECTS\窗口\DEBUG\窗口.ILK
D:\用户目录\我的文档\VISUAL STUDIO 2010\PROJECTS\窗口\DEBUG\窗口.PDB
d:\用户目录\我的文档\visual studio 2010\Projects\窗口\窗口\Debug\cl.command.1.tlog
d:\用户目录\我的文档\visual studio 2010\Projects\窗口\窗口\Debug\CL.read.1.tlog
d:\用户目录\我的文档\visual studio 2010\Projects\窗口\窗口\Debug\CL.write.1.tlog
d:\用户目录\我的文档\visual studio 2010\Projects\窗口\窗口\Debug\link.8772.read.1.tlog
d:\用户目录\我的文档\visual studio 2010\Projects\窗口\窗口\Debug\link.8772.write.1.tlog
d:\用户目录\我的文档\visual studio 2010\Projects\窗口\窗口\Debug\link.8772-cvtres.read.1.tlog
d:\用户目录\我的文档\visual studio 2010\Projects\窗口\窗口\Debug\link.8772-cvtres.write.1.tlog
d:\用户目录\我的文档\visual studio 2010\Projects\窗口\窗口\Debug\link.command.1.tlog
d:\用户目录\我的文档\visual studio 2010\Projects\窗口\窗口\Debug\link.read.1.tlog
d:\用户目录\我的文档\visual studio 2010\Projects\窗口\窗口\Debug\link.write.1.tlog
d:\用户目录\我的文档\visual studio 2010\Projects\窗口\窗口\Debug\link-cvtres.read.1.tlog
d:\用户目录\我的文档\visual studio 2010\Projects\窗口\窗口\Debug\link-cvtres.write.1.tlog
d:\用户目录\我的文档\visual studio 2010\Projects\窗口\窗口\Debug\mt.command.1.tlog
d:\用户目录\我的文档\visual studio 2010\Projects\窗口\窗口\Debug\mt.read.1.tlog
d:\用户目录\我的文档\visual studio 2010\Projects\窗口\窗口\Debug\mt.write.1.tlog
d:\用户目录\我的文档\visual studio 2010\Projects\窗口\窗口\Debug\rc.command.1.tlog
d:\用户目录\我的文档\visual studio 2010\Projects\窗口\窗口\Debug\rc.read.1.tlog
d:\用户目录\我的文档\visual studio 2010\Projects\窗口\窗口\Debug\rc.write.1.tlog
D:\用户目录\我的文档\VISUAL STUDIO 2010\PROJECTS\窗口\窗口\DEBUG\STDAFX.OBJ
d:\用户目录\我的文档\visual studio 2010\Projects\窗口\窗口\Debug\vc100.idb
D:\用户目录\我的文档\VISUAL STUDIO 2010\PROJECTS\窗口\窗口\DEBUG\VC100.PDB
D:\用户目录\我的文档\VISUAL STUDIO 2010\PROJECTS\窗口\窗口\DEBUG\窗口.EXE.EMBED.MANIFEST
D:\用户目录\我的文档\VISUAL STUDIO 2010\PROJECTS\窗口\窗口\DEBUG\窗口.EXE.EMBED.MANIFEST.RES
D:\用户目录\我的文档\VISUAL STUDIO 2010\PROJECTS\窗口\窗口\DEBUG\窗口.EXE.INTERMEDIATE.MANIFEST
D:\用户目录\我的文档\VISUAL STUDIO 2010\PROJECTS\窗口\窗口\DEBUG\窗口.OBJ
D:\用户目录\我的文档\VISUAL STUDIO 2010\PROJECTS\窗口\窗口\DEBUG\窗口.PCH
d:\用户目录\我的文档\visual studio 2010\Projects\窗口\窗口\Debug\窗口.write.1.tlog
d:\用户目录\我的文档\visual studio 2010\Projects\窗口\窗口\Debug\窗口_manifest.rc
