生成启动时间为 2017/12/2 22:40:09。
     1>项目“D:\用户目录\我的文档\Visual Studio 2010\Projects\窗口\窗口\窗口.vcxproj”在节点 2 上(build 个目标)。
     1>InitializeBuildStatus:
         正在创建“Debug\窗口.unsuccessfulbuild”，因为已指定“AlwaysCreate”。
       ClCompile:
         所有输出均为最新。
         D:\software\Microsoft Visual Studio 10.0\VC\bin\CL.exe /c /ZI /nologo /W3 /WX- /Od /Oy- /D WIN32 /D _DEBUG /D _CONSOLE /D _UNICODE /D UNICODE /Gm /EHsc /RTC1 /MDd /GS /fp:precise /Zc:wchar_t /Zc:forScope /Yu"StdAfx.h" /Fp"Debug\窗口.pch" /Fo"Debug\\" /Fd"Debug\vc100.pdb" /Gd /TP /analyze- /errorReport:prompt "窗口.cpp"
         窗口.cpp
     1>d:\用户目录\我的文档\visual studio 2010\projects\窗口\窗口\窗口.cpp(18): warning C4996: 'scanf': This function or variable may be unsafe. Consider using scanf_s instead. To disable deprecation, use _CRT_SECURE_NO_WARNINGS. See online help for details.
                 d:\software\microsoft visual studio 10.0\vc\include\stdio.h(304) : 参见“scanf”的声明
     1>d:\用户目录\我的文档\visual studio 2010\projects\窗口\窗口\窗口.cpp(22): warning C4996: 'scanf': This function or variable may be unsafe. Consider using scanf_s instead. To disable deprecation, use _CRT_SECURE_NO_WARNINGS. See online help for details.
                 d:\software\microsoft visual studio 10.0\vc\include\stdio.h(304) : 参见“scanf”的声明
     1>d:\用户目录\我的文档\visual studio 2010\projects\窗口\窗口\窗口.cpp(29): warning C4996: 'scanf': This function or variable may be unsafe. Consider using scanf_s instead. To disable deprecation, use _CRT_SECURE_NO_WARNINGS. See online help for details.
                 d:\software\microsoft visual studio 10.0\vc\include\stdio.h(304) : 参见“scanf”的声明
       ManifestResourceCompile:
         所有输出均为最新。
       Link:
         D:\software\Microsoft Visual Studio 10.0\VC\bin\link.exe /ERRORREPORT:PROMPT /OUT:"D:\用户目录\我的文档\Visual Studio 2010\Projects\窗口\Debug\窗口.exe" /INCREMENTAL /NOLOGO kernel32.lib user32.lib gdi32.lib winspool.lib comdlg32.lib advapi32.lib shell32.lib ole32.lib oleaut32.lib uuid.lib odbc32.lib odbccp32.lib /MANIFEST /ManifestFile:"Debug\窗口.exe.intermediate.manifest" /MANIFESTUAC:"level='asInvoker' uiAccess='false'" /DEBUG /PDB:"D:\用户目录\我的文档\Visual Studio 2010\Projects\窗口\Debug\窗口.pdb" /SUBSYSTEM:CONSOLE /TLBID:1 /DYNAMICBASE /NXCOMPAT /IMPLIB:"D:\用户目录\我的文档\Visual Studio 2010\Projects\窗口\Debug\窗口.lib" /MACHINE:X86 "Debug\窗口.exe.embed.manifest.res"
         Debug\stdafx.obj
         "Debug\窗口.obj"
       Manifest:
         c:\Program Files (x86)\Microsoft SDKs\Windows\v7.0A\bin\mt.exe /nologo /verbose /out:"Debug\窗口.exe.embed.manifest" /manifest "Debug\窗口.exe.intermediate.manifest"
         所有输出均为最新。
       LinkEmbedManifest:
         所有输出均为最新。
         窗口.vcxproj -> D:\用户目录\我的文档\Visual Studio 2010\Projects\窗口\Debug\窗口.exe
       FinalizeBuildStatus:
         正在删除文件“Debug\窗口.unsuccessfulbuild”。
         正在对“Debug\窗口.lastbuildstate”执行 Touch 任务。
     1>已完成生成项目“D:\用户目录\我的文档\Visual Studio 2010\Projects\窗口\窗口\窗口.vcxproj”(build 个目标)的操作。

生成成功。

已用时间 00:00:01.71
