D:\用户目录\我的文档\VISUAL STUDIO 2010\PROJECTS\门禁系统\DEBUG\门禁系统.EXE
D:\用户目录\我的文档\VISUAL STUDIO 2010\PROJECTS\门禁系统\DEBUG\门禁系统.ILK
D:\用户目录\我的文档\VISUAL STUDIO 2010\PROJECTS\门禁系统\DEBUG\门禁系统.PDB
d:\用户目录\我的文档\visual studio 2010\Projects\门禁系统\门禁系统\Debug\cl.command.1.tlog
d:\用户目录\我的文档\visual studio 2010\Projects\门禁系统\门禁系统\Debug\CL.read.1.tlog
d:\用户目录\我的文档\visual studio 2010\Projects\门禁系统\门禁系统\Debug\CL.write.1.tlog
d:\用户目录\我的文档\visual studio 2010\Projects\门禁系统\门禁系统\Debug\link.12052.read.1.tlog
d:\用户目录\我的文档\visual studio 2010\Projects\门禁系统\门禁系统\Debug\link.12052.write.1.tlog
d:\用户目录\我的文档\visual studio 2010\Projects\门禁系统\门禁系统\Debug\link.12052-cvtres.read.1.tlog
d:\用户目录\我的文档\visual studio 2010\Projects\门禁系统\门禁系统\Debug\link.12052-cvtres.write.1.tlog
d:\用户目录\我的文档\visual studio 2010\Projects\门禁系统\门禁系统\Debug\link.command.1.tlog
d:\用户目录\我的文档\visual studio 2010\Projects\门禁系统\门禁系统\Debug\link.read.1.tlog
d:\用户目录\我的文档\visual studio 2010\Projects\门禁系统\门禁系统\Debug\link.write.1.tlog
d:\用户目录\我的文档\visual studio 2010\Projects\门禁系统\门禁系统\Debug\link-cvtres.read.1.tlog
d:\用户目录\我的文档\visual studio 2010\Projects\门禁系统\门禁系统\Debug\link-cvtres.write.1.tlog
d:\用户目录\我的文档\visual studio 2010\Projects\门禁系统\门禁系统\Debug\mt.command.1.tlog
d:\用户目录\我的文档\visual studio 2010\Projects\门禁系统\门禁系统\Debug\mt.read.1.tlog
d:\用户目录\我的文档\visual studio 2010\Projects\门禁系统\门禁系统\Debug\mt.write.1.tlog
d:\用户目录\我的文档\visual studio 2010\Projects\门禁系统\门禁系统\Debug\rc.command.1.tlog
d:\用户目录\我的文档\visual studio 2010\Projects\门禁系统\门禁系统\Debug\rc.read.1.tlog
d:\用户目录\我的文档\visual studio 2010\Projects\门禁系统\门禁系统\Debug\rc.write.1.tlog
D:\用户目录\我的文档\VISUAL STUDIO 2010\PROJECTS\门禁系统\门禁系统\DEBUG\STDAFX.OBJ
d:\用户目录\我的文档\visual studio 2010\Projects\门禁系统\门禁系统\Debug\vc100.idb
D:\用户目录\我的文档\VISUAL STUDIO 2010\PROJECTS\门禁系统\门禁系统\DEBUG\VC100.PDB
D:\用户目录\我的文档\VISUAL STUDIO 2010\PROJECTS\门禁系统\门禁系统\DEBUG\门禁系统.EXE.EMBED.MANIFEST
D:\用户目录\我的文档\VISUAL STUDIO 2010\PROJECTS\门禁系统\门禁系统\DEBUG\门禁系统.EXE.EMBED.MANIFEST.RES
D:\用户目录\我的文档\VISUAL STUDIO 2010\PROJECTS\门禁系统\门禁系统\DEBUG\门禁系统.EXE.INTERMEDIATE.MANIFEST
D:\用户目录\我的文档\VISUAL STUDIO 2010\PROJECTS\门禁系统\门禁系统\DEBUG\门禁系统.OBJ
D:\用户目录\我的文档\VISUAL STUDIO 2010\PROJECTS\门禁系统\门禁系统\DEBUG\门禁系统.PCH
d:\用户目录\我的文档\visual studio 2010\Projects\门禁系统\门禁系统\Debug\门禁系统.vcxprojResolveAssemblyReference.cache
d:\用户目录\我的文档\visual studio 2010\Projects\门禁系统\门禁系统\Debug\门禁系统.write.1.tlog
d:\用户目录\我的文档\visual studio 2010\Projects\门禁系统\门禁系统\Debug\门禁系统_manifest.rc
