D:\用户目录\我的文档\VISUAL STUDIO 2010\PROJECTS\公共钥匙盒\DEBUG\公共钥匙盒.EXE
D:\用户目录\我的文档\VISUAL STUDIO 2010\PROJECTS\公共钥匙盒\DEBUG\公共钥匙盒.ILK
D:\用户目录\我的文档\VISUAL STUDIO 2010\PROJECTS\公共钥匙盒\DEBUG\公共钥匙盒.PDB
d:\用户目录\我的文档\visual studio 2010\Projects\公共钥匙盒\公共钥匙盒\Debug\cl.command.1.tlog
d:\用户目录\我的文档\visual studio 2010\Projects\公共钥匙盒\公共钥匙盒\Debug\CL.read.1.tlog
d:\用户目录\我的文档\visual studio 2010\Projects\公共钥匙盒\公共钥匙盒\Debug\CL.write.1.tlog
d:\用户目录\我的文档\visual studio 2010\Projects\公共钥匙盒\公共钥匙盒\Debug\link.6232.read.1.tlog
d:\用户目录\我的文档\visual studio 2010\Projects\公共钥匙盒\公共钥匙盒\Debug\link.6232.write.1.tlog
d:\用户目录\我的文档\visual studio 2010\Projects\公共钥匙盒\公共钥匙盒\Debug\link.6232-cvtres.read.1.tlog
d:\用户目录\我的文档\visual studio 2010\Projects\公共钥匙盒\公共钥匙盒\Debug\link.6232-cvtres.write.1.tlog
d:\用户目录\我的文档\visual studio 2010\Projects\公共钥匙盒\公共钥匙盒\Debug\link.command.1.tlog
d:\用户目录\我的文档\visual studio 2010\Projects\公共钥匙盒\公共钥匙盒\Debug\link.read.1.tlog
d:\用户目录\我的文档\visual studio 2010\Projects\公共钥匙盒\公共钥匙盒\Debug\link.write.1.tlog
d:\用户目录\我的文档\visual studio 2010\Projects\公共钥匙盒\公共钥匙盒\Debug\link-cvtres.read.1.tlog
d:\用户目录\我的文档\visual studio 2010\Projects\公共钥匙盒\公共钥匙盒\Debug\link-cvtres.write.1.tlog
d:\用户目录\我的文档\visual studio 2010\Projects\公共钥匙盒\公共钥匙盒\Debug\mt.command.1.tlog
d:\用户目录\我的文档\visual studio 2010\Projects\公共钥匙盒\公共钥匙盒\Debug\mt.read.1.tlog
d:\用户目录\我的文档\visual studio 2010\Projects\公共钥匙盒\公共钥匙盒\Debug\mt.write.1.tlog
d:\用户目录\我的文档\visual studio 2010\Projects\公共钥匙盒\公共钥匙盒\Debug\rc.command.1.tlog
d:\用户目录\我的文档\visual studio 2010\Projects\公共钥匙盒\公共钥匙盒\Debug\rc.read.1.tlog
d:\用户目录\我的文档\visual studio 2010\Projects\公共钥匙盒\公共钥匙盒\Debug\rc.write.1.tlog
D:\用户目录\我的文档\VISUAL STUDIO 2010\PROJECTS\公共钥匙盒\公共钥匙盒\DEBUG\STDAFX.OBJ
d:\用户目录\我的文档\visual studio 2010\Projects\公共钥匙盒\公共钥匙盒\Debug\vc100.idb
D:\用户目录\我的文档\VISUAL STUDIO 2010\PROJECTS\公共钥匙盒\公共钥匙盒\DEBUG\VC100.PDB
D:\用户目录\我的文档\VISUAL STUDIO 2010\PROJECTS\公共钥匙盒\公共钥匙盒\DEBUG\公共钥匙盒.EXE.EMBED.MANIFEST
D:\用户目录\我的文档\VISUAL STUDIO 2010\PROJECTS\公共钥匙盒\公共钥匙盒\DEBUG\公共钥匙盒.EXE.EMBED.MANIFEST.RES
D:\用户目录\我的文档\VISUAL STUDIO 2010\PROJECTS\公共钥匙盒\公共钥匙盒\DEBUG\公共钥匙盒.EXE.INTERMEDIATE.MANIFEST
D:\用户目录\我的文档\VISUAL STUDIO 2010\PROJECTS\公共钥匙盒\公共钥匙盒\DEBUG\公共钥匙盒.OBJ
D:\用户目录\我的文档\VISUAL STUDIO 2010\PROJECTS\公共钥匙盒\公共钥匙盒\DEBUG\公共钥匙盒.PCH
d:\用户目录\我的文档\visual studio 2010\Projects\公共钥匙盒\公共钥匙盒\Debug\公共钥匙盒.write.1.tlog
d:\用户目录\我的文档\visual studio 2010\Projects\公共钥匙盒\公共钥匙盒\Debug\公共钥匙盒_manifest.rc
