D:\用户目录\我的文档\VISUAL STUDIO 2010\PROJECTS\排队\DEBUG\排队.EXE
D:\用户目录\我的文档\VISUAL STUDIO 2010\PROJECTS\排队\DEBUG\排队.ILK
D:\用户目录\我的文档\VISUAL STUDIO 2010\PROJECTS\排队\DEBUG\排队.PDB
d:\用户目录\我的文档\visual studio 2010\Projects\排队\排队\Debug\cl.command.1.tlog
d:\用户目录\我的文档\visual studio 2010\Projects\排队\排队\Debug\CL.read.1.tlog
d:\用户目录\我的文档\visual studio 2010\Projects\排队\排队\Debug\CL.write.1.tlog
d:\用户目录\我的文档\visual studio 2010\Projects\排队\排队\Debug\link.7504.read.1.tlog
d:\用户目录\我的文档\visual studio 2010\Projects\排队\排队\Debug\link.7504.write.1.tlog
d:\用户目录\我的文档\visual studio 2010\Projects\排队\排队\Debug\link.7504-cvtres.read.1.tlog
d:\用户目录\我的文档\visual studio 2010\Projects\排队\排队\Debug\link.7504-cvtres.write.1.tlog
d:\用户目录\我的文档\visual studio 2010\Projects\排队\排队\Debug\link.command.1.tlog
d:\用户目录\我的文档\visual studio 2010\Projects\排队\排队\Debug\link.read.1.tlog
d:\用户目录\我的文档\visual studio 2010\Projects\排队\排队\Debug\link.write.1.tlog
d:\用户目录\我的文档\visual studio 2010\Projects\排队\排队\Debug\link-cvtres.read.1.tlog
d:\用户目录\我的文档\visual studio 2010\Projects\排队\排队\Debug\link-cvtres.write.1.tlog
d:\用户目录\我的文档\visual studio 2010\Projects\排队\排队\Debug\mt.command.1.tlog
d:\用户目录\我的文档\visual studio 2010\Projects\排队\排队\Debug\mt.read.1.tlog
d:\用户目录\我的文档\visual studio 2010\Projects\排队\排队\Debug\mt.write.1.tlog
d:\用户目录\我的文档\visual studio 2010\Projects\排队\排队\Debug\rc.command.1.tlog
d:\用户目录\我的文档\visual studio 2010\Projects\排队\排队\Debug\rc.read.1.tlog
d:\用户目录\我的文档\visual studio 2010\Projects\排队\排队\Debug\rc.write.1.tlog
D:\用户目录\我的文档\VISUAL STUDIO 2010\PROJECTS\排队\排队\DEBUG\STDAFX.OBJ
d:\用户目录\我的文档\visual studio 2010\Projects\排队\排队\Debug\vc100.idb
D:\用户目录\我的文档\VISUAL STUDIO 2010\PROJECTS\排队\排队\DEBUG\VC100.PDB
D:\用户目录\我的文档\VISUAL STUDIO 2010\PROJECTS\排队\排队\DEBUG\排队.EXE.EMBED.MANIFEST
D:\用户目录\我的文档\VISUAL STUDIO 2010\PROJECTS\排队\排队\DEBUG\排队.EXE.EMBED.MANIFEST.RES
D:\用户目录\我的文档\VISUAL STUDIO 2010\PROJECTS\排队\排队\DEBUG\排队.EXE.INTERMEDIATE.MANIFEST
D:\用户目录\我的文档\VISUAL STUDIO 2010\PROJECTS\排队\排队\DEBUG\排队.OBJ
D:\用户目录\我的文档\VISUAL STUDIO 2010\PROJECTS\排队\排队\DEBUG\排队.PCH
d:\用户目录\我的文档\visual studio 2010\Projects\排队\排队\Debug\排队.write.1.tlog
d:\用户目录\我的文档\visual studio 2010\Projects\排队\排队\Debug\排队_manifest.rc
