D:\用户目录\我的文档\VISUAL STUDIO 2010\PROJECTS\图像旋转\DEBUG\图像旋转.EXE
D:\用户目录\我的文档\VISUAL STUDIO 2010\PROJECTS\图像旋转\DEBUG\图像旋转.ILK
D:\用户目录\我的文档\VISUAL STUDIO 2010\PROJECTS\图像旋转\DEBUG\图像旋转.PDB
d:\用户目录\我的文档\visual studio 2010\Projects\图像旋转\图像旋转\Debug\cl.command.1.tlog
d:\用户目录\我的文档\visual studio 2010\Projects\图像旋转\图像旋转\Debug\CL.read.1.tlog
d:\用户目录\我的文档\visual studio 2010\Projects\图像旋转\图像旋转\Debug\CL.write.1.tlog
d:\用户目录\我的文档\visual studio 2010\Projects\图像旋转\图像旋转\Debug\link.10704.read.1.tlog
d:\用户目录\我的文档\visual studio 2010\Projects\图像旋转\图像旋转\Debug\link.10704.write.1.tlog
d:\用户目录\我的文档\visual studio 2010\Projects\图像旋转\图像旋转\Debug\link.10704-cvtres.read.1.tlog
d:\用户目录\我的文档\visual studio 2010\Projects\图像旋转\图像旋转\Debug\link.10704-cvtres.write.1.tlog
d:\用户目录\我的文档\visual studio 2010\Projects\图像旋转\图像旋转\Debug\link.command.1.tlog
d:\用户目录\我的文档\visual studio 2010\Projects\图像旋转\图像旋转\Debug\link.read.1.tlog
d:\用户目录\我的文档\visual studio 2010\Projects\图像旋转\图像旋转\Debug\link.write.1.tlog
d:\用户目录\我的文档\visual studio 2010\Projects\图像旋转\图像旋转\Debug\link-cvtres.read.1.tlog
d:\用户目录\我的文档\visual studio 2010\Projects\图像旋转\图像旋转\Debug\link-cvtres.write.1.tlog
d:\用户目录\我的文档\visual studio 2010\Projects\图像旋转\图像旋转\Debug\mt.command.1.tlog
d:\用户目录\我的文档\visual studio 2010\Projects\图像旋转\图像旋转\Debug\mt.read.1.tlog
d:\用户目录\我的文档\visual studio 2010\Projects\图像旋转\图像旋转\Debug\mt.write.1.tlog
d:\用户目录\我的文档\visual studio 2010\Projects\图像旋转\图像旋转\Debug\rc.command.1.tlog
d:\用户目录\我的文档\visual studio 2010\Projects\图像旋转\图像旋转\Debug\rc.read.1.tlog
d:\用户目录\我的文档\visual studio 2010\Projects\图像旋转\图像旋转\Debug\rc.write.1.tlog
D:\用户目录\我的文档\VISUAL STUDIO 2010\PROJECTS\图像旋转\图像旋转\DEBUG\STDAFX.OBJ
d:\用户目录\我的文档\visual studio 2010\Projects\图像旋转\图像旋转\Debug\vc100.idb
D:\用户目录\我的文档\VISUAL STUDIO 2010\PROJECTS\图像旋转\图像旋转\DEBUG\VC100.PDB
D:\用户目录\我的文档\VISUAL STUDIO 2010\PROJECTS\图像旋转\图像旋转\DEBUG\图像旋转.EXE.EMBED.MANIFEST
D:\用户目录\我的文档\VISUAL STUDIO 2010\PROJECTS\图像旋转\图像旋转\DEBUG\图像旋转.EXE.EMBED.MANIFEST.RES
D:\用户目录\我的文档\VISUAL STUDIO 2010\PROJECTS\图像旋转\图像旋转\DEBUG\图像旋转.EXE.INTERMEDIATE.MANIFEST
D:\用户目录\我的文档\VISUAL STUDIO 2010\PROJECTS\图像旋转\图像旋转\DEBUG\图像旋转.OBJ
D:\用户目录\我的文档\VISUAL STUDIO 2010\PROJECTS\图像旋转\图像旋转\DEBUG\图像旋转.PCH
d:\用户目录\我的文档\visual studio 2010\Projects\图像旋转\图像旋转\Debug\图像旋转.vcxprojResolveAssemblyReference.cache
d:\用户目录\我的文档\visual studio 2010\Projects\图像旋转\图像旋转\Debug\图像旋转.write.1.tlog
d:\用户目录\我的文档\visual studio 2010\Projects\图像旋转\图像旋转\Debug\图像旋转_manifest.rc
