D:\用户目录\我的文档\VISUAL STUDIO 2010\PROJECTS\车票分配\DEBUG\车票分配.EXE
D:\用户目录\我的文档\VISUAL STUDIO 2010\PROJECTS\车票分配\DEBUG\车票分配.ILK
D:\用户目录\我的文档\VISUAL STUDIO 2010\PROJECTS\车票分配\DEBUG\车票分配.PDB
d:\用户目录\我的文档\visual studio 2010\Projects\车票分配\车票分配\Debug\cl.command.1.tlog
d:\用户目录\我的文档\visual studio 2010\Projects\车票分配\车票分配\Debug\CL.read.1.tlog
d:\用户目录\我的文档\visual studio 2010\Projects\车票分配\车票分配\Debug\CL.write.1.tlog
d:\用户目录\我的文档\visual studio 2010\Projects\车票分配\车票分配\Debug\link.9596.read.1.tlog
d:\用户目录\我的文档\visual studio 2010\Projects\车票分配\车票分配\Debug\link.9596.write.1.tlog
d:\用户目录\我的文档\visual studio 2010\Projects\车票分配\车票分配\Debug\link.9596-cvtres.read.1.tlog
d:\用户目录\我的文档\visual studio 2010\Projects\车票分配\车票分配\Debug\link.9596-cvtres.write.1.tlog
d:\用户目录\我的文档\visual studio 2010\Projects\车票分配\车票分配\Debug\link.command.1.tlog
d:\用户目录\我的文档\visual studio 2010\Projects\车票分配\车票分配\Debug\link.read.1.tlog
d:\用户目录\我的文档\visual studio 2010\Projects\车票分配\车票分配\Debug\link.write.1.tlog
d:\用户目录\我的文档\visual studio 2010\Projects\车票分配\车票分配\Debug\link-cvtres.read.1.tlog
d:\用户目录\我的文档\visual studio 2010\Projects\车票分配\车票分配\Debug\link-cvtres.write.1.tlog
d:\用户目录\我的文档\visual studio 2010\Projects\车票分配\车票分配\Debug\mt.command.1.tlog
d:\用户目录\我的文档\visual studio 2010\Projects\车票分配\车票分配\Debug\mt.read.1.tlog
d:\用户目录\我的文档\visual studio 2010\Projects\车票分配\车票分配\Debug\mt.write.1.tlog
d:\用户目录\我的文档\visual studio 2010\Projects\车票分配\车票分配\Debug\rc.command.1.tlog
d:\用户目录\我的文档\visual studio 2010\Projects\车票分配\车票分配\Debug\rc.read.1.tlog
d:\用户目录\我的文档\visual studio 2010\Projects\车票分配\车票分配\Debug\rc.write.1.tlog
D:\用户目录\我的文档\VISUAL STUDIO 2010\PROJECTS\车票分配\车票分配\DEBUG\STDAFX.OBJ
d:\用户目录\我的文档\visual studio 2010\Projects\车票分配\车票分配\Debug\vc100.idb
D:\用户目录\我的文档\VISUAL STUDIO 2010\PROJECTS\车票分配\车票分配\DEBUG\VC100.PDB
D:\用户目录\我的文档\VISUAL STUDIO 2010\PROJECTS\车票分配\车票分配\DEBUG\车票分配.EXE.EMBED.MANIFEST
D:\用户目录\我的文档\VISUAL STUDIO 2010\PROJECTS\车票分配\车票分配\DEBUG\车票分配.EXE.EMBED.MANIFEST.RES
D:\用户目录\我的文档\VISUAL STUDIO 2010\PROJECTS\车票分配\车票分配\DEBUG\车票分配.EXE.INTERMEDIATE.MANIFEST
D:\用户目录\我的文档\VISUAL STUDIO 2010\PROJECTS\车票分配\车票分配\DEBUG\车票分配.OBJ
D:\用户目录\我的文档\VISUAL STUDIO 2010\PROJECTS\车票分配\车票分配\DEBUG\车票分配.PCH
d:\用户目录\我的文档\visual studio 2010\Projects\车票分配\车票分配\Debug\车票分配.write.1.tlog
d:\用户目录\我的文档\visual studio 2010\Projects\车票分配\车票分配\Debug\车票分配_manifest.rc
