D:\用户目录\我的文档\VISUAL STUDIO 2010\PROJECTS\最大波动值\DEBUG\最大波动值.EXE
D:\用户目录\我的文档\VISUAL STUDIO 2010\PROJECTS\最大波动值\DEBUG\最大波动值.ILK
D:\用户目录\我的文档\VISUAL STUDIO 2010\PROJECTS\最大波动值\DEBUG\最大波动值.PDB
d:\用户目录\我的文档\visual studio 2010\Projects\最大波动值\最大波动值\Debug\cl.command.1.tlog
d:\用户目录\我的文档\visual studio 2010\Projects\最大波动值\最大波动值\Debug\CL.read.1.tlog
d:\用户目录\我的文档\visual studio 2010\Projects\最大波动值\最大波动值\Debug\CL.write.1.tlog
d:\用户目录\我的文档\visual studio 2010\Projects\最大波动值\最大波动值\Debug\link.2712.read.1.tlog
d:\用户目录\我的文档\visual studio 2010\Projects\最大波动值\最大波动值\Debug\link.2712.write.1.tlog
d:\用户目录\我的文档\visual studio 2010\Projects\最大波动值\最大波动值\Debug\link.2712-cvtres.read.1.tlog
d:\用户目录\我的文档\visual studio 2010\Projects\最大波动值\最大波动值\Debug\link.2712-cvtres.write.1.tlog
d:\用户目录\我的文档\visual studio 2010\Projects\最大波动值\最大波动值\Debug\link.command.1.tlog
d:\用户目录\我的文档\visual studio 2010\Projects\最大波动值\最大波动值\Debug\link.read.1.tlog
d:\用户目录\我的文档\visual studio 2010\Projects\最大波动值\最大波动值\Debug\link.write.1.tlog
d:\用户目录\我的文档\visual studio 2010\Projects\最大波动值\最大波动值\Debug\link-cvtres.read.1.tlog
d:\用户目录\我的文档\visual studio 2010\Projects\最大波动值\最大波动值\Debug\link-cvtres.write.1.tlog
d:\用户目录\我的文档\visual studio 2010\Projects\最大波动值\最大波动值\Debug\mt.command.1.tlog
d:\用户目录\我的文档\visual studio 2010\Projects\最大波动值\最大波动值\Debug\mt.read.1.tlog
d:\用户目录\我的文档\visual studio 2010\Projects\最大波动值\最大波动值\Debug\mt.write.1.tlog
d:\用户目录\我的文档\visual studio 2010\Projects\最大波动值\最大波动值\Debug\rc.command.1.tlog
d:\用户目录\我的文档\visual studio 2010\Projects\最大波动值\最大波动值\Debug\rc.read.1.tlog
d:\用户目录\我的文档\visual studio 2010\Projects\最大波动值\最大波动值\Debug\rc.write.1.tlog
D:\用户目录\我的文档\VISUAL STUDIO 2010\PROJECTS\最大波动值\最大波动值\DEBUG\STDAFX.OBJ
d:\用户目录\我的文档\visual studio 2010\Projects\最大波动值\最大波动值\Debug\vc100.idb
D:\用户目录\我的文档\VISUAL STUDIO 2010\PROJECTS\最大波动值\最大波动值\DEBUG\VC100.PDB
D:\用户目录\我的文档\VISUAL STUDIO 2010\PROJECTS\最大波动值\最大波动值\DEBUG\最大波动值.EXE.EMBED.MANIFEST
D:\用户目录\我的文档\VISUAL STUDIO 2010\PROJECTS\最大波动值\最大波动值\DEBUG\最大波动值.EXE.EMBED.MANIFEST.RES
D:\用户目录\我的文档\VISUAL STUDIO 2010\PROJECTS\最大波动值\最大波动值\DEBUG\最大波动值.EXE.INTERMEDIATE.MANIFEST
D:\用户目录\我的文档\VISUAL STUDIO 2010\PROJECTS\最大波动值\最大波动值\DEBUG\最大波动值.OBJ
D:\用户目录\我的文档\VISUAL STUDIO 2010\PROJECTS\最大波动值\最大波动值\DEBUG\最大波动值.PCH
d:\用户目录\我的文档\visual studio 2010\Projects\最大波动值\最大波动值\Debug\最大波动值.write.1.tlog
d:\用户目录\我的文档\visual studio 2010\Projects\最大波动值\最大波动值\Debug\最大波动值_manifest.rc
