D:\用户目录\我的文档\VISUAL STUDIO 2010\PROJECTS\分蛋糕\DEBUG\分蛋糕.EXE
D:\用户目录\我的文档\VISUAL STUDIO 2010\PROJECTS\分蛋糕\DEBUG\分蛋糕.ILK
D:\用户目录\我的文档\VISUAL STUDIO 2010\PROJECTS\分蛋糕\DEBUG\分蛋糕.PDB
D:\用户目录\我的文档\Visual Studio 2010\Projects\分蛋糕\分蛋糕\Debug\cl.command.1.tlog
D:\用户目录\我的文档\Visual Studio 2010\Projects\分蛋糕\分蛋糕\Debug\CL.read.1.tlog
D:\用户目录\我的文档\Visual Studio 2010\Projects\分蛋糕\分蛋糕\Debug\CL.write.1.tlog
D:\用户目录\我的文档\Visual Studio 2010\Projects\分蛋糕\分蛋糕\Debug\link.7432.read.1.tlog
D:\用户目录\我的文档\Visual Studio 2010\Projects\分蛋糕\分蛋糕\Debug\link.7432.write.1.tlog
D:\用户目录\我的文档\Visual Studio 2010\Projects\分蛋糕\分蛋糕\Debug\link.7432-cvtres.read.1.tlog
D:\用户目录\我的文档\Visual Studio 2010\Projects\分蛋糕\分蛋糕\Debug\link.7432-cvtres.write.1.tlog
D:\用户目录\我的文档\Visual Studio 2010\Projects\分蛋糕\分蛋糕\Debug\link.command.1.tlog
D:\用户目录\我的文档\Visual Studio 2010\Projects\分蛋糕\分蛋糕\Debug\link.read.1.tlog
D:\用户目录\我的文档\Visual Studio 2010\Projects\分蛋糕\分蛋糕\Debug\link.write.1.tlog
D:\用户目录\我的文档\Visual Studio 2010\Projects\分蛋糕\分蛋糕\Debug\link-cvtres.read.1.tlog
D:\用户目录\我的文档\Visual Studio 2010\Projects\分蛋糕\分蛋糕\Debug\link-cvtres.write.1.tlog
D:\用户目录\我的文档\Visual Studio 2010\Projects\分蛋糕\分蛋糕\Debug\mt.command.1.tlog
D:\用户目录\我的文档\Visual Studio 2010\Projects\分蛋糕\分蛋糕\Debug\mt.read.1.tlog
D:\用户目录\我的文档\Visual Studio 2010\Projects\分蛋糕\分蛋糕\Debug\mt.write.1.tlog
D:\用户目录\我的文档\Visual Studio 2010\Projects\分蛋糕\分蛋糕\Debug\rc.command.1.tlog
D:\用户目录\我的文档\Visual Studio 2010\Projects\分蛋糕\分蛋糕\Debug\rc.read.1.tlog
D:\用户目录\我的文档\Visual Studio 2010\Projects\分蛋糕\分蛋糕\Debug\rc.write.1.tlog
D:\用户目录\我的文档\VISUAL STUDIO 2010\PROJECTS\分蛋糕\分蛋糕\DEBUG\STDAFX.OBJ
D:\用户目录\我的文档\Visual Studio 2010\Projects\分蛋糕\分蛋糕\Debug\vc100.idb
D:\用户目录\我的文档\VISUAL STUDIO 2010\PROJECTS\分蛋糕\分蛋糕\DEBUG\VC100.PDB
D:\用户目录\我的文档\VISUAL STUDIO 2010\PROJECTS\分蛋糕\分蛋糕\DEBUG\分蛋糕.EXE.EMBED.MANIFEST
D:\用户目录\我的文档\VISUAL STUDIO 2010\PROJECTS\分蛋糕\分蛋糕\DEBUG\分蛋糕.EXE.EMBED.MANIFEST.RES
D:\用户目录\我的文档\VISUAL STUDIO 2010\PROJECTS\分蛋糕\分蛋糕\DEBUG\分蛋糕.EXE.INTERMEDIATE.MANIFEST
D:\用户目录\我的文档\VISUAL STUDIO 2010\PROJECTS\分蛋糕\分蛋糕\DEBUG\分蛋糕.OBJ
D:\用户目录\我的文档\VISUAL STUDIO 2010\PROJECTS\分蛋糕\分蛋糕\DEBUG\分蛋糕.PCH
D:\用户目录\我的文档\Visual Studio 2010\Projects\分蛋糕\分蛋糕\Debug\分蛋糕.vcxprojResolveAssemblyReference.cache
D:\用户目录\我的文档\Visual Studio 2010\Projects\分蛋糕\分蛋糕\Debug\分蛋糕.write.1.tlog
D:\用户目录\我的文档\Visual Studio 2010\Projects\分蛋糕\分蛋糕\Debug\分蛋糕_manifest.rc
