D:\用户目录\我的文档\VISUAL STUDIO 2010\PROJECTS\中间数\DEBUG\中间数.EXE
D:\用户目录\我的文档\VISUAL STUDIO 2010\PROJECTS\中间数\DEBUG\中间数.ILK
D:\用户目录\我的文档\VISUAL STUDIO 2010\PROJECTS\中间数\DEBUG\中间数.PDB
d:\用户目录\我的文档\visual studio 2010\Projects\中间数\中间数\Debug\cl.command.1.tlog
d:\用户目录\我的文档\visual studio 2010\Projects\中间数\中间数\Debug\CL.read.1.tlog
d:\用户目录\我的文档\visual studio 2010\Projects\中间数\中间数\Debug\CL.write.1.tlog
d:\用户目录\我的文档\visual studio 2010\Projects\中间数\中间数\Debug\link.6460.read.1.tlog
d:\用户目录\我的文档\visual studio 2010\Projects\中间数\中间数\Debug\link.6460.write.1.tlog
d:\用户目录\我的文档\visual studio 2010\Projects\中间数\中间数\Debug\link.6460-cvtres.read.1.tlog
d:\用户目录\我的文档\visual studio 2010\Projects\中间数\中间数\Debug\link.6460-cvtres.write.1.tlog
d:\用户目录\我的文档\visual studio 2010\Projects\中间数\中间数\Debug\link.command.1.tlog
d:\用户目录\我的文档\visual studio 2010\Projects\中间数\中间数\Debug\link.read.1.tlog
d:\用户目录\我的文档\visual studio 2010\Projects\中间数\中间数\Debug\link.write.1.tlog
d:\用户目录\我的文档\visual studio 2010\Projects\中间数\中间数\Debug\link-cvtres.read.1.tlog
d:\用户目录\我的文档\visual studio 2010\Projects\中间数\中间数\Debug\link-cvtres.write.1.tlog
d:\用户目录\我的文档\visual studio 2010\Projects\中间数\中间数\Debug\mt.command.1.tlog
d:\用户目录\我的文档\visual studio 2010\Projects\中间数\中间数\Debug\mt.read.1.tlog
d:\用户目录\我的文档\visual studio 2010\Projects\中间数\中间数\Debug\mt.write.1.tlog
d:\用户目录\我的文档\visual studio 2010\Projects\中间数\中间数\Debug\rc.command.1.tlog
d:\用户目录\我的文档\visual studio 2010\Projects\中间数\中间数\Debug\rc.read.1.tlog
d:\用户目录\我的文档\visual studio 2010\Projects\中间数\中间数\Debug\rc.write.1.tlog
D:\用户目录\我的文档\VISUAL STUDIO 2010\PROJECTS\中间数\中间数\DEBUG\STDAFX.OBJ
d:\用户目录\我的文档\visual studio 2010\Projects\中间数\中间数\Debug\vc100.idb
D:\用户目录\我的文档\VISUAL STUDIO 2010\PROJECTS\中间数\中间数\DEBUG\VC100.PDB
D:\用户目录\我的文档\VISUAL STUDIO 2010\PROJECTS\中间数\中间数\DEBUG\中间数.EXE.EMBED.MANIFEST
D:\用户目录\我的文档\VISUAL STUDIO 2010\PROJECTS\中间数\中间数\DEBUG\中间数.EXE.EMBED.MANIFEST.RES
D:\用户目录\我的文档\VISUAL STUDIO 2010\PROJECTS\中间数\中间数\DEBUG\中间数.EXE.INTERMEDIATE.MANIFEST
D:\用户目录\我的文档\VISUAL STUDIO 2010\PROJECTS\中间数\中间数\DEBUG\中间数.OBJ
D:\用户目录\我的文档\VISUAL STUDIO 2010\PROJECTS\中间数\中间数\DEBUG\中间数.PCH
d:\用户目录\我的文档\visual studio 2010\Projects\中间数\中间数\Debug\中间数.vcxprojResolveAssemblyReference.cache
d:\用户目录\我的文档\visual studio 2010\Projects\中间数\中间数\Debug\中间数.write.1.tlog
d:\用户目录\我的文档\visual studio 2010\Projects\中间数\中间数\Debug\中间数_manifest.rc
