D:\用户目录\我的文档\VISUAL STUDIO 2010\PROJECTS\消除棋子\DEBUG\消除棋子.EXE
D:\用户目录\我的文档\VISUAL STUDIO 2010\PROJECTS\消除棋子\DEBUG\消除棋子.ILK
D:\用户目录\我的文档\VISUAL STUDIO 2010\PROJECTS\消除棋子\DEBUG\消除棋子.PDB
d:\用户目录\我的文档\visual studio 2010\Projects\消除棋子\消除棋子\Debug\cl.command.1.tlog
d:\用户目录\我的文档\visual studio 2010\Projects\消除棋子\消除棋子\Debug\CL.read.1.tlog
d:\用户目录\我的文档\visual studio 2010\Projects\消除棋子\消除棋子\Debug\CL.write.1.tlog
d:\用户目录\我的文档\visual studio 2010\Projects\消除棋子\消除棋子\Debug\link.9680.read.1.tlog
d:\用户目录\我的文档\visual studio 2010\Projects\消除棋子\消除棋子\Debug\link.9680.write.1.tlog
d:\用户目录\我的文档\visual studio 2010\Projects\消除棋子\消除棋子\Debug\link.9680-cvtres.read.1.tlog
d:\用户目录\我的文档\visual studio 2010\Projects\消除棋子\消除棋子\Debug\link.9680-cvtres.write.1.tlog
d:\用户目录\我的文档\visual studio 2010\Projects\消除棋子\消除棋子\Debug\link.command.1.tlog
d:\用户目录\我的文档\visual studio 2010\Projects\消除棋子\消除棋子\Debug\link.read.1.tlog
d:\用户目录\我的文档\visual studio 2010\Projects\消除棋子\消除棋子\Debug\link.write.1.tlog
d:\用户目录\我的文档\visual studio 2010\Projects\消除棋子\消除棋子\Debug\link-cvtres.read.1.tlog
d:\用户目录\我的文档\visual studio 2010\Projects\消除棋子\消除棋子\Debug\link-cvtres.write.1.tlog
d:\用户目录\我的文档\visual studio 2010\Projects\消除棋子\消除棋子\Debug\mt.command.1.tlog
d:\用户目录\我的文档\visual studio 2010\Projects\消除棋子\消除棋子\Debug\mt.read.1.tlog
d:\用户目录\我的文档\visual studio 2010\Projects\消除棋子\消除棋子\Debug\mt.write.1.tlog
d:\用户目录\我的文档\visual studio 2010\Projects\消除棋子\消除棋子\Debug\rc.command.1.tlog
d:\用户目录\我的文档\visual studio 2010\Projects\消除棋子\消除棋子\Debug\rc.read.1.tlog
d:\用户目录\我的文档\visual studio 2010\Projects\消除棋子\消除棋子\Debug\rc.write.1.tlog
D:\用户目录\我的文档\VISUAL STUDIO 2010\PROJECTS\消除棋子\消除棋子\DEBUG\STDAFX.OBJ
d:\用户目录\我的文档\visual studio 2010\Projects\消除棋子\消除棋子\Debug\vc100.idb
D:\用户目录\我的文档\VISUAL STUDIO 2010\PROJECTS\消除棋子\消除棋子\DEBUG\VC100.PDB
D:\用户目录\我的文档\VISUAL STUDIO 2010\PROJECTS\消除棋子\消除棋子\DEBUG\消除棋子.EXE.EMBED.MANIFEST
D:\用户目录\我的文档\VISUAL STUDIO 2010\PROJECTS\消除棋子\消除棋子\DEBUG\消除棋子.EXE.EMBED.MANIFEST.RES
D:\用户目录\我的文档\VISUAL STUDIO 2010\PROJECTS\消除棋子\消除棋子\DEBUG\消除棋子.EXE.INTERMEDIATE.MANIFEST
D:\用户目录\我的文档\VISUAL STUDIO 2010\PROJECTS\消除棋子\消除棋子\DEBUG\消除棋子.OBJ
D:\用户目录\我的文档\VISUAL STUDIO 2010\PROJECTS\消除棋子\消除棋子\DEBUG\消除棋子.PCH
d:\用户目录\我的文档\visual studio 2010\Projects\消除棋子\消除棋子\Debug\消除棋子.vcxprojResolveAssemblyReference.cache
d:\用户目录\我的文档\visual studio 2010\Projects\消除棋子\消除棋子\Debug\消除棋子.write.1.tlog
d:\用户目录\我的文档\visual studio 2010\Projects\消除棋子\消除棋子\Debug\消除棋子_manifest.rc
