D:\用户目录\我的文档\VISUAL STUDIO 2010\PROJECTS\画图\DEBUG\画图.EXE
D:\用户目录\我的文档\VISUAL STUDIO 2010\PROJECTS\画图\DEBUG\画图.ILK
D:\用户目录\我的文档\VISUAL STUDIO 2010\PROJECTS\画图\DEBUG\画图.PDB
d:\用户目录\我的文档\visual studio 2010\Projects\画图\画图\Debug\cl.command.1.tlog
d:\用户目录\我的文档\visual studio 2010\Projects\画图\画图\Debug\CL.read.1.tlog
d:\用户目录\我的文档\visual studio 2010\Projects\画图\画图\Debug\CL.write.1.tlog
d:\用户目录\我的文档\visual studio 2010\Projects\画图\画图\Debug\link.6176.read.1.tlog
d:\用户目录\我的文档\visual studio 2010\Projects\画图\画图\Debug\link.6176.write.1.tlog
d:\用户目录\我的文档\visual studio 2010\Projects\画图\画图\Debug\link.6176-cvtres.read.1.tlog
d:\用户目录\我的文档\visual studio 2010\Projects\画图\画图\Debug\link.6176-cvtres.write.1.tlog
d:\用户目录\我的文档\visual studio 2010\Projects\画图\画图\Debug\link.command.1.tlog
d:\用户目录\我的文档\visual studio 2010\Projects\画图\画图\Debug\link.read.1.tlog
d:\用户目录\我的文档\visual studio 2010\Projects\画图\画图\Debug\link.write.1.tlog
d:\用户目录\我的文档\visual studio 2010\Projects\画图\画图\Debug\link-cvtres.read.1.tlog
d:\用户目录\我的文档\visual studio 2010\Projects\画图\画图\Debug\link-cvtres.write.1.tlog
d:\用户目录\我的文档\visual studio 2010\Projects\画图\画图\Debug\mt.command.1.tlog
d:\用户目录\我的文档\visual studio 2010\Projects\画图\画图\Debug\mt.read.1.tlog
d:\用户目录\我的文档\visual studio 2010\Projects\画图\画图\Debug\mt.write.1.tlog
d:\用户目录\我的文档\visual studio 2010\Projects\画图\画图\Debug\rc.command.1.tlog
d:\用户目录\我的文档\visual studio 2010\Projects\画图\画图\Debug\rc.read.1.tlog
d:\用户目录\我的文档\visual studio 2010\Projects\画图\画图\Debug\rc.write.1.tlog
D:\用户目录\我的文档\VISUAL STUDIO 2010\PROJECTS\画图\画图\DEBUG\STDAFX.OBJ
d:\用户目录\我的文档\visual studio 2010\Projects\画图\画图\Debug\vc100.idb
D:\用户目录\我的文档\VISUAL STUDIO 2010\PROJECTS\画图\画图\DEBUG\VC100.PDB
D:\用户目录\我的文档\VISUAL STUDIO 2010\PROJECTS\画图\画图\DEBUG\画图.EXE.EMBED.MANIFEST
D:\用户目录\我的文档\VISUAL STUDIO 2010\PROJECTS\画图\画图\DEBUG\画图.EXE.EMBED.MANIFEST.RES
D:\用户目录\我的文档\VISUAL STUDIO 2010\PROJECTS\画图\画图\DEBUG\画图.EXE.INTERMEDIATE.MANIFEST
D:\用户目录\我的文档\VISUAL STUDIO 2010\PROJECTS\画图\画图\DEBUG\画图.OBJ
D:\用户目录\我的文档\VISUAL STUDIO 2010\PROJECTS\画图\画图\DEBUG\画图.PCH
d:\用户目录\我的文档\visual studio 2010\Projects\画图\画图\Debug\画图.write.1.tlog
d:\用户目录\我的文档\visual studio 2010\Projects\画图\画图\Debug\画图_manifest.rc
