D:\用户目录\我的文档\VISUAL STUDIO 2010\PROJECTS\俄罗斯方块\DEBUG\俄罗斯方块.EXE
D:\用户目录\我的文档\VISUAL STUDIO 2010\PROJECTS\俄罗斯方块\DEBUG\俄罗斯方块.ILK
D:\用户目录\我的文档\VISUAL STUDIO 2010\PROJECTS\俄罗斯方块\DEBUG\俄罗斯方块.PDB
d:\用户目录\我的文档\visual studio 2010\Projects\俄罗斯方块\俄罗斯方块\Debug\cl.command.1.tlog
d:\用户目录\我的文档\visual studio 2010\Projects\俄罗斯方块\俄罗斯方块\Debug\CL.read.1.tlog
d:\用户目录\我的文档\visual studio 2010\Projects\俄罗斯方块\俄罗斯方块\Debug\CL.write.1.tlog
d:\用户目录\我的文档\visual studio 2010\Projects\俄罗斯方块\俄罗斯方块\Debug\link.11116.read.1.tlog
d:\用户目录\我的文档\visual studio 2010\Projects\俄罗斯方块\俄罗斯方块\Debug\link.11116.write.1.tlog
d:\用户目录\我的文档\visual studio 2010\Projects\俄罗斯方块\俄罗斯方块\Debug\link.11116-cvtres.read.1.tlog
d:\用户目录\我的文档\visual studio 2010\Projects\俄罗斯方块\俄罗斯方块\Debug\link.11116-cvtres.write.1.tlog
d:\用户目录\我的文档\visual studio 2010\Projects\俄罗斯方块\俄罗斯方块\Debug\link.command.1.tlog
d:\用户目录\我的文档\visual studio 2010\Projects\俄罗斯方块\俄罗斯方块\Debug\link.read.1.tlog
d:\用户目录\我的文档\visual studio 2010\Projects\俄罗斯方块\俄罗斯方块\Debug\link.write.1.tlog
d:\用户目录\我的文档\visual studio 2010\Projects\俄罗斯方块\俄罗斯方块\Debug\link-cvtres.read.1.tlog
d:\用户目录\我的文档\visual studio 2010\Projects\俄罗斯方块\俄罗斯方块\Debug\link-cvtres.write.1.tlog
d:\用户目录\我的文档\visual studio 2010\Projects\俄罗斯方块\俄罗斯方块\Debug\mt.command.1.tlog
d:\用户目录\我的文档\visual studio 2010\Projects\俄罗斯方块\俄罗斯方块\Debug\mt.read.1.tlog
d:\用户目录\我的文档\visual studio 2010\Projects\俄罗斯方块\俄罗斯方块\Debug\mt.write.1.tlog
d:\用户目录\我的文档\visual studio 2010\Projects\俄罗斯方块\俄罗斯方块\Debug\rc.command.1.tlog
d:\用户目录\我的文档\visual studio 2010\Projects\俄罗斯方块\俄罗斯方块\Debug\rc.read.1.tlog
d:\用户目录\我的文档\visual studio 2010\Projects\俄罗斯方块\俄罗斯方块\Debug\rc.write.1.tlog
D:\用户目录\我的文档\VISUAL STUDIO 2010\PROJECTS\俄罗斯方块\俄罗斯方块\DEBUG\STDAFX.OBJ
d:\用户目录\我的文档\visual studio 2010\Projects\俄罗斯方块\俄罗斯方块\Debug\vc100.idb
D:\用户目录\我的文档\VISUAL STUDIO 2010\PROJECTS\俄罗斯方块\俄罗斯方块\DEBUG\VC100.PDB
D:\用户目录\我的文档\VISUAL STUDIO 2010\PROJECTS\俄罗斯方块\俄罗斯方块\DEBUG\俄罗斯方块.EXE.EMBED.MANIFEST
D:\用户目录\我的文档\VISUAL STUDIO 2010\PROJECTS\俄罗斯方块\俄罗斯方块\DEBUG\俄罗斯方块.EXE.EMBED.MANIFEST.RES
D:\用户目录\我的文档\VISUAL STUDIO 2010\PROJECTS\俄罗斯方块\俄罗斯方块\DEBUG\俄罗斯方块.EXE.INTERMEDIATE.MANIFEST
D:\用户目录\我的文档\VISUAL STUDIO 2010\PROJECTS\俄罗斯方块\俄罗斯方块\DEBUG\俄罗斯方块.OBJ
D:\用户目录\我的文档\VISUAL STUDIO 2010\PROJECTS\俄罗斯方块\俄罗斯方块\DEBUG\俄罗斯方块.PCH
d:\用户目录\我的文档\visual studio 2010\Projects\俄罗斯方块\俄罗斯方块\Debug\俄罗斯方块.write.1.tlog
d:\用户目录\我的文档\visual studio 2010\Projects\俄罗斯方块\俄罗斯方块\Debug\俄罗斯方块_manifest.rc
