D:\用户目录\我的文档\VISUAL STUDIO 2010\PROJECTS\日期计算\DEBUG\日期计算.EXE
D:\用户目录\我的文档\VISUAL STUDIO 2010\PROJECTS\日期计算\DEBUG\日期计算.ILK
D:\用户目录\我的文档\VISUAL STUDIO 2010\PROJECTS\日期计算\DEBUG\日期计算.PDB
d:\用户目录\我的文档\visual studio 2010\Projects\日期计算\日期计算\Debug\cl.command.1.tlog
d:\用户目录\我的文档\visual studio 2010\Projects\日期计算\日期计算\Debug\CL.read.1.tlog
d:\用户目录\我的文档\visual studio 2010\Projects\日期计算\日期计算\Debug\CL.write.1.tlog
d:\用户目录\我的文档\visual studio 2010\Projects\日期计算\日期计算\Debug\link.7324.read.1.tlog
d:\用户目录\我的文档\visual studio 2010\Projects\日期计算\日期计算\Debug\link.7324.write.1.tlog
d:\用户目录\我的文档\visual studio 2010\Projects\日期计算\日期计算\Debug\link.7324-cvtres.read.1.tlog
d:\用户目录\我的文档\visual studio 2010\Projects\日期计算\日期计算\Debug\link.7324-cvtres.write.1.tlog
d:\用户目录\我的文档\visual studio 2010\Projects\日期计算\日期计算\Debug\link.command.1.tlog
d:\用户目录\我的文档\visual studio 2010\Projects\日期计算\日期计算\Debug\link.read.1.tlog
d:\用户目录\我的文档\visual studio 2010\Projects\日期计算\日期计算\Debug\link.write.1.tlog
d:\用户目录\我的文档\visual studio 2010\Projects\日期计算\日期计算\Debug\link-cvtres.read.1.tlog
d:\用户目录\我的文档\visual studio 2010\Projects\日期计算\日期计算\Debug\link-cvtres.write.1.tlog
d:\用户目录\我的文档\visual studio 2010\Projects\日期计算\日期计算\Debug\mt.command.1.tlog
d:\用户目录\我的文档\visual studio 2010\Projects\日期计算\日期计算\Debug\mt.read.1.tlog
d:\用户目录\我的文档\visual studio 2010\Projects\日期计算\日期计算\Debug\mt.write.1.tlog
d:\用户目录\我的文档\visual studio 2010\Projects\日期计算\日期计算\Debug\rc.command.1.tlog
d:\用户目录\我的文档\visual studio 2010\Projects\日期计算\日期计算\Debug\rc.read.1.tlog
d:\用户目录\我的文档\visual studio 2010\Projects\日期计算\日期计算\Debug\rc.write.1.tlog
D:\用户目录\我的文档\VISUAL STUDIO 2010\PROJECTS\日期计算\日期计算\DEBUG\STDAFX.OBJ
d:\用户目录\我的文档\visual studio 2010\Projects\日期计算\日期计算\Debug\vc100.idb
D:\用户目录\我的文档\VISUAL STUDIO 2010\PROJECTS\日期计算\日期计算\DEBUG\VC100.PDB
D:\用户目录\我的文档\VISUAL STUDIO 2010\PROJECTS\日期计算\日期计算\DEBUG\日期计算.EXE.EMBED.MANIFEST
D:\用户目录\我的文档\VISUAL STUDIO 2010\PROJECTS\日期计算\日期计算\DEBUG\日期计算.EXE.EMBED.MANIFEST.RES
D:\用户目录\我的文档\VISUAL STUDIO 2010\PROJECTS\日期计算\日期计算\DEBUG\日期计算.EXE.INTERMEDIATE.MANIFEST
D:\用户目录\我的文档\VISUAL STUDIO 2010\PROJECTS\日期计算\日期计算\DEBUG\日期计算.OBJ
D:\用户目录\我的文档\VISUAL STUDIO 2010\PROJECTS\日期计算\日期计算\DEBUG\日期计算.PCH
d:\用户目录\我的文档\visual studio 2010\Projects\日期计算\日期计算\Debug\日期计算.write.1.tlog
d:\用户目录\我的文档\visual studio 2010\Projects\日期计算\日期计算\Debug\日期计算_manifest.rc
