D:\用户目录\我的文档\VISUAL STUDIO 2010\PROJECTS\打酱油\DEBUG\打酱油.EXE
D:\用户目录\我的文档\VISUAL STUDIO 2010\PROJECTS\打酱油\DEBUG\打酱油.ILK
D:\用户目录\我的文档\VISUAL STUDIO 2010\PROJECTS\打酱油\DEBUG\打酱油.PDB
d:\用户目录\我的文档\visual studio 2010\Projects\打酱油\打酱油\Debug\cl.command.1.tlog
d:\用户目录\我的文档\visual studio 2010\Projects\打酱油\打酱油\Debug\CL.read.1.tlog
d:\用户目录\我的文档\visual studio 2010\Projects\打酱油\打酱油\Debug\CL.write.1.tlog
d:\用户目录\我的文档\visual studio 2010\Projects\打酱油\打酱油\Debug\link.4296.read.1.tlog
d:\用户目录\我的文档\visual studio 2010\Projects\打酱油\打酱油\Debug\link.4296.write.1.tlog
d:\用户目录\我的文档\visual studio 2010\Projects\打酱油\打酱油\Debug\link.4296-cvtres.read.1.tlog
d:\用户目录\我的文档\visual studio 2010\Projects\打酱油\打酱油\Debug\link.4296-cvtres.write.1.tlog
d:\用户目录\我的文档\visual studio 2010\Projects\打酱油\打酱油\Debug\link.command.1.tlog
d:\用户目录\我的文档\visual studio 2010\Projects\打酱油\打酱油\Debug\link.read.1.tlog
d:\用户目录\我的文档\visual studio 2010\Projects\打酱油\打酱油\Debug\link.write.1.tlog
d:\用户目录\我的文档\visual studio 2010\Projects\打酱油\打酱油\Debug\link-cvtres.read.1.tlog
d:\用户目录\我的文档\visual studio 2010\Projects\打酱油\打酱油\Debug\link-cvtres.write.1.tlog
d:\用户目录\我的文档\visual studio 2010\Projects\打酱油\打酱油\Debug\mt.command.1.tlog
d:\用户目录\我的文档\visual studio 2010\Projects\打酱油\打酱油\Debug\mt.read.1.tlog
d:\用户目录\我的文档\visual studio 2010\Projects\打酱油\打酱油\Debug\mt.write.1.tlog
d:\用户目录\我的文档\visual studio 2010\Projects\打酱油\打酱油\Debug\rc.command.1.tlog
d:\用户目录\我的文档\visual studio 2010\Projects\打酱油\打酱油\Debug\rc.read.1.tlog
d:\用户目录\我的文档\visual studio 2010\Projects\打酱油\打酱油\Debug\rc.write.1.tlog
D:\用户目录\我的文档\VISUAL STUDIO 2010\PROJECTS\打酱油\打酱油\DEBUG\STDAFX.OBJ
d:\用户目录\我的文档\visual studio 2010\Projects\打酱油\打酱油\Debug\vc100.idb
D:\用户目录\我的文档\VISUAL STUDIO 2010\PROJECTS\打酱油\打酱油\DEBUG\VC100.PDB
D:\用户目录\我的文档\VISUAL STUDIO 2010\PROJECTS\打酱油\打酱油\DEBUG\打酱油.EXE.EMBED.MANIFEST
D:\用户目录\我的文档\VISUAL STUDIO 2010\PROJECTS\打酱油\打酱油\DEBUG\打酱油.EXE.EMBED.MANIFEST.RES
D:\用户目录\我的文档\VISUAL STUDIO 2010\PROJECTS\打酱油\打酱油\DEBUG\打酱油.EXE.INTERMEDIATE.MANIFEST
D:\用户目录\我的文档\VISUAL STUDIO 2010\PROJECTS\打酱油\打酱油\DEBUG\打酱油.OBJ
D:\用户目录\我的文档\VISUAL STUDIO 2010\PROJECTS\打酱油\打酱油\DEBUG\打酱油.PCH
d:\用户目录\我的文档\visual studio 2010\Projects\打酱油\打酱油\Debug\打酱油.write.1.tlog
d:\用户目录\我的文档\visual studio 2010\Projects\打酱油\打酱油\Debug\打酱油_manifest.rc
