D:\用户目录\我的文档\VISUAL STUDIO 2010\PROJECTS\数位之和\DEBUG\数位之和.EXE
D:\用户目录\我的文档\VISUAL STUDIO 2010\PROJECTS\数位之和\DEBUG\数位之和.ILK
D:\用户目录\我的文档\VISUAL STUDIO 2010\PROJECTS\数位之和\DEBUG\数位之和.PDB
d:\用户目录\我的文档\visual studio 2010\Projects\数位之和\数位之和\Debug\cl.command.1.tlog
d:\用户目录\我的文档\visual studio 2010\Projects\数位之和\数位之和\Debug\CL.read.1.tlog
d:\用户目录\我的文档\visual studio 2010\Projects\数位之和\数位之和\Debug\CL.write.1.tlog
d:\用户目录\我的文档\visual studio 2010\Projects\数位之和\数位之和\Debug\link.10400.read.1.tlog
d:\用户目录\我的文档\visual studio 2010\Projects\数位之和\数位之和\Debug\link.10400.write.1.tlog
d:\用户目录\我的文档\visual studio 2010\Projects\数位之和\数位之和\Debug\link.10400-cvtres.read.1.tlog
d:\用户目录\我的文档\visual studio 2010\Projects\数位之和\数位之和\Debug\link.10400-cvtres.write.1.tlog
d:\用户目录\我的文档\visual studio 2010\Projects\数位之和\数位之和\Debug\link.command.1.tlog
d:\用户目录\我的文档\visual studio 2010\Projects\数位之和\数位之和\Debug\link.read.1.tlog
d:\用户目录\我的文档\visual studio 2010\Projects\数位之和\数位之和\Debug\link.write.1.tlog
d:\用户目录\我的文档\visual studio 2010\Projects\数位之和\数位之和\Debug\link-cvtres.read.1.tlog
d:\用户目录\我的文档\visual studio 2010\Projects\数位之和\数位之和\Debug\link-cvtres.write.1.tlog
d:\用户目录\我的文档\visual studio 2010\Projects\数位之和\数位之和\Debug\mt.command.1.tlog
d:\用户目录\我的文档\visual studio 2010\Projects\数位之和\数位之和\Debug\mt.read.1.tlog
d:\用户目录\我的文档\visual studio 2010\Projects\数位之和\数位之和\Debug\mt.write.1.tlog
d:\用户目录\我的文档\visual studio 2010\Projects\数位之和\数位之和\Debug\rc.command.1.tlog
d:\用户目录\我的文档\visual studio 2010\Projects\数位之和\数位之和\Debug\rc.read.1.tlog
d:\用户目录\我的文档\visual studio 2010\Projects\数位之和\数位之和\Debug\rc.write.1.tlog
D:\用户目录\我的文档\VISUAL STUDIO 2010\PROJECTS\数位之和\数位之和\DEBUG\STDAFX.OBJ
d:\用户目录\我的文档\visual studio 2010\Projects\数位之和\数位之和\Debug\vc100.idb
D:\用户目录\我的文档\VISUAL STUDIO 2010\PROJECTS\数位之和\数位之和\DEBUG\VC100.PDB
D:\用户目录\我的文档\VISUAL STUDIO 2010\PROJECTS\数位之和\数位之和\DEBUG\数位之和.EXE.EMBED.MANIFEST
D:\用户目录\我的文档\VISUAL STUDIO 2010\PROJECTS\数位之和\数位之和\DEBUG\数位之和.EXE.EMBED.MANIFEST.RES
D:\用户目录\我的文档\VISUAL STUDIO 2010\PROJECTS\数位之和\数位之和\DEBUG\数位之和.EXE.INTERMEDIATE.MANIFEST
D:\用户目录\我的文档\VISUAL STUDIO 2010\PROJECTS\数位之和\数位之和\DEBUG\数位之和.OBJ
D:\用户目录\我的文档\VISUAL STUDIO 2010\PROJECTS\数位之和\数位之和\DEBUG\数位之和.PCH
d:\用户目录\我的文档\visual studio 2010\Projects\数位之和\数位之和\Debug\数位之和.vcxprojResolveAssemblyReference.cache
d:\用户目录\我的文档\visual studio 2010\Projects\数位之和\数位之和\Debug\数位之和.write.1.tlog
d:\用户目录\我的文档\visual studio 2010\Projects\数位之和\数位之和\Debug\数位之和_manifest.rc
