D:\用户目录\我的文档\VISUAL STUDIO 2010\PROJECTS\相邻数对\DEBUG\相邻数对.EXE
D:\用户目录\我的文档\VISUAL STUDIO 2010\PROJECTS\相邻数对\DEBUG\相邻数对.ILK
D:\用户目录\我的文档\VISUAL STUDIO 2010\PROJECTS\相邻数对\DEBUG\相邻数对.PDB
d:\用户目录\我的文档\visual studio 2010\Projects\相邻数对\相邻数对\Debug\cl.command.1.tlog
d:\用户目录\我的文档\visual studio 2010\Projects\相邻数对\相邻数对\Debug\CL.read.1.tlog
d:\用户目录\我的文档\visual studio 2010\Projects\相邻数对\相邻数对\Debug\CL.write.1.tlog
d:\用户目录\我的文档\visual studio 2010\Projects\相邻数对\相邻数对\Debug\link.7528.read.1.tlog
d:\用户目录\我的文档\visual studio 2010\Projects\相邻数对\相邻数对\Debug\link.7528.write.1.tlog
d:\用户目录\我的文档\visual studio 2010\Projects\相邻数对\相邻数对\Debug\link.7528-cvtres.read.1.tlog
d:\用户目录\我的文档\visual studio 2010\Projects\相邻数对\相邻数对\Debug\link.7528-cvtres.write.1.tlog
d:\用户目录\我的文档\visual studio 2010\Projects\相邻数对\相邻数对\Debug\link.command.1.tlog
d:\用户目录\我的文档\visual studio 2010\Projects\相邻数对\相邻数对\Debug\link.read.1.tlog
d:\用户目录\我的文档\visual studio 2010\Projects\相邻数对\相邻数对\Debug\link.write.1.tlog
d:\用户目录\我的文档\visual studio 2010\Projects\相邻数对\相邻数对\Debug\link-cvtres.read.1.tlog
d:\用户目录\我的文档\visual studio 2010\Projects\相邻数对\相邻数对\Debug\link-cvtres.write.1.tlog
d:\用户目录\我的文档\visual studio 2010\Projects\相邻数对\相邻数对\Debug\mt.command.1.tlog
d:\用户目录\我的文档\visual studio 2010\Projects\相邻数对\相邻数对\Debug\mt.read.1.tlog
d:\用户目录\我的文档\visual studio 2010\Projects\相邻数对\相邻数对\Debug\mt.write.1.tlog
d:\用户目录\我的文档\visual studio 2010\Projects\相邻数对\相邻数对\Debug\rc.command.1.tlog
d:\用户目录\我的文档\visual studio 2010\Projects\相邻数对\相邻数对\Debug\rc.read.1.tlog
d:\用户目录\我的文档\visual studio 2010\Projects\相邻数对\相邻数对\Debug\rc.write.1.tlog
D:\用户目录\我的文档\VISUAL STUDIO 2010\PROJECTS\相邻数对\相邻数对\DEBUG\STDAFX.OBJ
d:\用户目录\我的文档\visual studio 2010\Projects\相邻数对\相邻数对\Debug\vc100.idb
D:\用户目录\我的文档\VISUAL STUDIO 2010\PROJECTS\相邻数对\相邻数对\DEBUG\VC100.PDB
D:\用户目录\我的文档\VISUAL STUDIO 2010\PROJECTS\相邻数对\相邻数对\DEBUG\相邻数对.EXE.EMBED.MANIFEST
D:\用户目录\我的文档\VISUAL STUDIO 2010\PROJECTS\相邻数对\相邻数对\DEBUG\相邻数对.EXE.EMBED.MANIFEST.RES
D:\用户目录\我的文档\VISUAL STUDIO 2010\PROJECTS\相邻数对\相邻数对\DEBUG\相邻数对.EXE.INTERMEDIATE.MANIFEST
D:\用户目录\我的文档\VISUAL STUDIO 2010\PROJECTS\相邻数对\相邻数对\DEBUG\相邻数对.OBJ
D:\用户目录\我的文档\VISUAL STUDIO 2010\PROJECTS\相邻数对\相邻数对\DEBUG\相邻数对.PCH
d:\用户目录\我的文档\visual studio 2010\Projects\相邻数对\相邻数对\Debug\相邻数对.write.1.tlog
d:\用户目录\我的文档\visual studio 2010\Projects\相邻数对\相邻数对\Debug\相邻数对_manifest.rc
