D:\用户目录\我的文档\VISUAL STUDIO 2010\PROJECTS\出现次数最多的数\DEBUG\出现次数最多的数.EXE
D:\用户目录\我的文档\VISUAL STUDIO 2010\PROJECTS\出现次数最多的数\DEBUG\出现次数最多的数.ILK
D:\用户目录\我的文档\VISUAL STUDIO 2010\PROJECTS\出现次数最多的数\DEBUG\出现次数最多的数.PDB
d:\用户目录\我的文档\visual studio 2010\Projects\出现次数最多的数\出现次数最多的数\Debug\cl.command.1.tlog
d:\用户目录\我的文档\visual studio 2010\Projects\出现次数最多的数\出现次数最多的数\Debug\CL.read.1.tlog
d:\用户目录\我的文档\visual studio 2010\Projects\出现次数最多的数\出现次数最多的数\Debug\CL.write.1.tlog
d:\用户目录\我的文档\visual studio 2010\Projects\出现次数最多的数\出现次数最多的数\Debug\link.7560.read.1.tlog
d:\用户目录\我的文档\visual studio 2010\Projects\出现次数最多的数\出现次数最多的数\Debug\link.7560.write.1.tlog
d:\用户目录\我的文档\visual studio 2010\Projects\出现次数最多的数\出现次数最多的数\Debug\link.7560-cvtres.read.1.tlog
d:\用户目录\我的文档\visual studio 2010\Projects\出现次数最多的数\出现次数最多的数\Debug\link.7560-cvtres.write.1.tlog
d:\用户目录\我的文档\visual studio 2010\Projects\出现次数最多的数\出现次数最多的数\Debug\link.command.1.tlog
d:\用户目录\我的文档\visual studio 2010\Projects\出现次数最多的数\出现次数最多的数\Debug\link.read.1.tlog
d:\用户目录\我的文档\visual studio 2010\Projects\出现次数最多的数\出现次数最多的数\Debug\link.write.1.tlog
d:\用户目录\我的文档\visual studio 2010\Projects\出现次数最多的数\出现次数最多的数\Debug\link-cvtres.read.1.tlog
d:\用户目录\我的文档\visual studio 2010\Projects\出现次数最多的数\出现次数最多的数\Debug\link-cvtres.write.1.tlog
d:\用户目录\我的文档\visual studio 2010\Projects\出现次数最多的数\出现次数最多的数\Debug\mt.command.1.tlog
d:\用户目录\我的文档\visual studio 2010\Projects\出现次数最多的数\出现次数最多的数\Debug\mt.read.1.tlog
d:\用户目录\我的文档\visual studio 2010\Projects\出现次数最多的数\出现次数最多的数\Debug\mt.write.1.tlog
d:\用户目录\我的文档\visual studio 2010\Projects\出现次数最多的数\出现次数最多的数\Debug\rc.command.1.tlog
d:\用户目录\我的文档\visual studio 2010\Projects\出现次数最多的数\出现次数最多的数\Debug\rc.read.1.tlog
d:\用户目录\我的文档\visual studio 2010\Projects\出现次数最多的数\出现次数最多的数\Debug\rc.write.1.tlog
D:\用户目录\我的文档\VISUAL STUDIO 2010\PROJECTS\出现次数最多的数\出现次数最多的数\DEBUG\STDAFX.OBJ
d:\用户目录\我的文档\visual studio 2010\Projects\出现次数最多的数\出现次数最多的数\Debug\vc100.idb
D:\用户目录\我的文档\VISUAL STUDIO 2010\PROJECTS\出现次数最多的数\出现次数最多的数\DEBUG\VC100.PDB
D:\用户目录\我的文档\VISUAL STUDIO 2010\PROJECTS\出现次数最多的数\出现次数最多的数\DEBUG\出现次数最多的数.EXE.EMBED.MANIFEST
D:\用户目录\我的文档\VISUAL STUDIO 2010\PROJECTS\出现次数最多的数\出现次数最多的数\DEBUG\出现次数最多的数.EXE.EMBED.MANIFEST.RES
D:\用户目录\我的文档\VISUAL STUDIO 2010\PROJECTS\出现次数最多的数\出现次数最多的数\DEBUG\出现次数最多的数.EXE.INTERMEDIATE.MANIFEST
D:\用户目录\我的文档\VISUAL STUDIO 2010\PROJECTS\出现次数最多的数\出现次数最多的数\DEBUG\出现次数最多的数.OBJ
D:\用户目录\我的文档\VISUAL STUDIO 2010\PROJECTS\出现次数最多的数\出现次数最多的数\DEBUG\出现次数最多的数.PCH
d:\用户目录\我的文档\visual studio 2010\Projects\出现次数最多的数\出现次数最多的数\Debug\出现次数最多的数.write.1.tlog
d:\用户目录\我的文档\visual studio 2010\Projects\出现次数最多的数\出现次数最多的数\Debug\出现次数最多的数_manifest.rc
